<?xml version="1.0" encoding="UTF-8"?>
<!-- Generated by org.testng.reporters.JUnitXMLReporter -->
<testsuite hostname="LAPTOP-EBUL8M11" ignored="0" name="Surefire test" tests="2" failures="0" timestamp="2021-01-10T21:26:51 COT" time="0.035" errors="0">
  <testcase name="@BeforeSuite setUp" time="0.053" classname="Pruebas.TestLogin">
    <failure type="java.lang.IllegalStateException" message="The driver executable must exist: D:\AutomationHW\Drivers\chromedriver\chromedriver">
      <![CDATA[java.lang.IllegalStateException: The driver executable must exist: D:\AutomationHW\Drivers\chromedriver\chromedriver
at org.openqa.selenium.internal.Require$FileStateChecker.isFile(Require.java:282)
at org.openqa.selenium.remote.service.DriverService.checkExecutable(DriverService.java:154)
at org.openqa.selenium.remote.service.DriverService.findExecutable(DriverService.java:149)
at org.openqa.selenium.chrome.ChromeDriverService.access$000(ChromeDriverService.java:37)
at org.openqa.selenium.chrome.ChromeDriverService$Builder.findDefaultExecutable(ChromeDriverService.java:222)
at org.openqa.selenium.remote.service.DriverService$Builder.build(DriverService.java:405)
at org.openqa.selenium.chrome.ChromeDriverService.createDefaultService(ChromeDriverService.java:119)
at org.openqa.selenium.chrome.ChromeDriver.<init>(ChromeDriver.java:105)
at Pruebas.TestLogin.setUp(TestLogin.java:29)
... Removed 24 stack frames]]>
    </failure>
  </testcase> <!-- @BeforeSuite setUp -->
  <testcase name="@AfterTest cerrar" time="-1.610332011516E9" classname="Pruebas.TestLogin">
    <skipped/>
  </testcase> <!-- @AfterTest cerrar -->
  <testcase name="correctLogin" time="0.0" classname="Pruebas.TestLogin">
    <skipped/>
  </testcase> <!-- correctLogin -->
  <testcase name="errorLogin" time="0.0" classname="Pruebas.TestLogin">
    <skipped/>
  </testcase> <!-- errorLogin -->
</testsuite> <!-- Surefire test -->
