<?xml version="1.0" encoding="UTF-8"?>
<!-- Generated by org.testng.reporters.JUnitXMLReporter -->
<testsuite hostname="LAPTOP-EBUL8M11" ignored="0" name="Surefire test" tests="2" failures="0" timestamp="2021-01-11T14:19:28 COT" time="0.046" errors="0">
  <testcase name="@BeforeSuite setUp" time="0.013" classname="Pruebas.TestLogin">
    <failure type="java.lang.Error" message="Unresolved compilation problem: 
	URL cannot be resolved to a type
">
      <![CDATA[java.lang.Error: Unresolved compilation problem: 
URL cannot be resolved to a type

at Pruebas.TestLogin.setUp(TestLogin.java:35)
... Removed 24 stack frames]]>
    </failure>
  </testcase> <!-- @BeforeSuite setUp -->
  <testcase name="@AfterTest cerrar" time="-1.610392768561E9" classname="Pruebas.TestLogin">
    <skipped/>
  </testcase> <!-- @AfterTest cerrar -->
  <testcase name="correctLogin" time="0.0" classname="Pruebas.TestLogin">
    <skipped/>
  </testcase> <!-- correctLogin -->
  <testcase name="errorLogin" time="0.0" classname="Pruebas.TestLogin">
    <skipped/>
  </testcase> <!-- errorLogin -->
</testsuite> <!-- Surefire test -->
