<?xml version="1.0" encoding="UTF-8"?>
<!-- Generated by org.testng.reporters.JUnitXMLReporter -->
<testsuite hostname="GuidoRobles-PC" ignored="0" name="Command line test" tests="2" failures="0" timestamp="2021-01-05T17:17:47 COT" time="1.312" errors="0">
  <testcase name="@BeforeClass init" time="-1.609885066201E9" classname="Pruebas.TestLogin">
    <failure type="org.testng.TestNGException" message="
Parameter &amp;apos;sUsername&amp;apos; is required by BeforeClass on method init but has not been marked @Optional or defined
">
      <![CDATA[org.testng.TestNGException: 
Parameter 'sUsername' is required by BeforeClass on method init but has not been marked @Optional or defined

at java.util.ArrayList.forEach(Unknown Source)
... Removed 32 stack frames]]>
    </failure>
  </testcase> <!-- @BeforeClass init -->
  <testcase name="@AfterTest cerrar" time="-1.609885067215E9" classname="Pruebas.TestLogin">
    <skipped/>
  </testcase> <!-- @AfterTest cerrar -->
  <testcase name="correctLogin" time="0.0" classname="Pruebas.TestLogin">
    <skipped/>
  </testcase> <!-- correctLogin -->
  <testcase name="errorLogin" time="0.0" classname="Pruebas.TestLogin">
    <skipped/>
  </testcase> <!-- errorLogin -->
</testsuite> <!-- Command line test -->
