-------------------------------------------------------------------------------
Test set: TestSuite
-------------------------------------------------------------------------------
Tests run: 5, Failures: 1, Errors: 0, Skipped: 3, Time elapsed: 0.721 s <<< FAILURE! - in TestSuite
Pruebas.TestLogin.setUp  Time elapsed: 0.493 s  <<< FAILURE!
java.lang.IllegalStateException: The driver executable must exist: D:\AutomationHW\Drivers\chromedriver\chromedriver
	at Pruebas.TestLogin.setUp(TestLogin.java:29)

