<?xml version="1.0" encoding="UTF-8"?>
<testsuite xmlns:xsi="http://www.w3.org/2001/XMLSchema-instance" xsi:noNamespaceSchemaLocation="https://maven.apache.org/surefire/maven-surefire-plugin/xsd/surefire-test-report-3.0.xsd" version="3.0" name="TestSuite" time="0.946" tests="5" errors="0" skipped="3" failures="1">
  <properties>
[...]
</properties>
  <testcase name="setUp" classname="Pruebas.TestLogin" time="0.636">
    <failure message="Unresolved compilation problem: &#10;	URL cannot be resolved to a type&#10;" type="java.lang.Error"><![CDATA[java.lang.Error: 
Unresolved compilation problem: 
	URL cannot be resolved to a type

	at Pruebas.TestLogin.setUp(TestLogin.java:35)
]]></failure>
  </testcase>
  <testcase name="correctLogin" classname="Pruebas.TestLogin" time="0">
    <skipped message="Unresolved compilation problem: &#10;	URL cannot be resolved to a type&#10;"/>
  </testcase>
  <testcase name="errorLogin" classname="Pruebas.TestLogin" time="0">
    <skipped message="Unresolved compilation problem: &#10;	URL cannot be resolved to a type&#10;"/>
  </testcase>
  <testcase name="cerrar" classname="Pruebas.TestLogin" time="0">
    <skipped/>
  </testcase>
  <testcase name="testApp on testApp(Automation.AutomationHW.AppTest)" classname="Automation.AutomationHW.AppTest" time="0.002"/>
</testsuite>