<?xml version="1.0" encoding="UTF-8"?>
<testng-results skipped="0" failed="0" ignored="0" total="2" passed="2">
  <reporter-output>
  </reporter-output>
  <suite name="Suite" duration-ms="5817" started-at="2021-01-08T21:17:45 COT" finished-at="2021-01-08T21:17:50 COT">
    <groups>
    </groups>
    <test name="Test" duration-ms="5817" started-at="2021-01-08T21:17:45 COT" finished-at="2021-01-08T21:17:50 COT">
      <class name="Pruebas.TestLogin">
        <test-method status="PASS" signature="setUp()[pri:0, instance:Pruebas.TestLogin@1d8d30f7]" name="setUp" is-config="true" duration-ms="13253" started-at="2021-01-08T21:17:31 COT" finished-at="2021-01-08T21:17:45 COT">
          <reporter-output>
          </reporter-output>
        </test-method> <!-- setUp -->
        <test-method status="PASS" signature="correctLogin()[pri:0, instance:Pruebas.TestLogin@1d8d30f7]" name="correctLogin" duration-ms="4477" started-at="2021-01-08T21:17:45 COT" finished-at="2021-01-08T21:17:49 COT">
          <reporter-output>
          </reporter-output>
        </test-method> <!-- correctLogin -->
        <test-method status="PASS" signature="errorLogin()[pri:0, instance:Pruebas.TestLogin@1d8d30f7]" name="errorLogin" duration-ms="1188" started-at="2021-01-08T21:17:49 COT" finished-at="2021-01-08T21:17:50 COT">
          <reporter-output>
          </reporter-output>
        </test-method> <!-- errorLogin -->
        <test-method status="PASS" signature="cerrar()[pri:0, instance:Pruebas.TestLogin@1d8d30f7]" name="cerrar" is-config="true" duration-ms="85" started-at="2021-01-08T21:17:50 COT" finished-at="2021-01-08T21:17:50 COT">
          <reporter-output>
          </reporter-output>
        </test-method> <!-- cerrar -->
      </class> <!-- Pruebas.TestLogin -->
    </test> <!-- Test -->
  </suite> <!-- Suite -->
</testng-results>
