<?xml version="1.0" encoding="UTF-8"?>
<testng-results ignored="0" total="2" passed="2" failed="0" skipped="0">
  <reporter-output>
  </reporter-output>
  <suite started-at="2021-01-06T13:41:52 PET" name="Suite" finished-at="2021-01-06T13:42:32 PET" duration-ms="39815">
    <groups>
    </groups>
    <test started-at="2021-01-06T13:41:52 PET" name="Test" finished-at="2021-01-06T13:42:32 PET" duration-ms="39815">
      <class name="Pruebas.TestLogin">
        <test-method is-config="true" signature="setUp()[pri:0, instance:Pruebas.TestLogin@2dde1bff]" started-at="2021-01-06T13:41:03 PET" name="setUp" finished-at="2021-01-06T13:41:52 PET" duration-ms="48655" status="PASS">
          <reporter-output>
          </reporter-output>
        </test-method> <!-- setUp -->
        <test-method is-config="true" signature="correctLogin()[pri:0, instance:Pruebas.TestLogin@2dde1bff]" started-at="2021-01-06T13:41:52 PET" name="correctLogin" finished-at="2021-01-06T13:42:12 PET" duration-ms="20544" status="PASS">
          <reporter-output>
          </reporter-output>
        </test-method> <!-- correctLogin -->
        <test-method signature="correctLogin()[pri:0, instance:Pruebas.TestLogin@2dde1bff]" started-at="2021-01-06T13:42:12 PET" name="correctLogin" finished-at="2021-01-06T13:42:25 PET" duration-ms="12513" status="PASS">
          <reporter-output>
          </reporter-output>
        </test-method> <!-- correctLogin -->
        <test-method signature="errorLogin()[pri:0, instance:Pruebas.TestLogin@2dde1bff]" started-at="2021-01-06T13:42:25 PET" name="errorLogin" finished-at="2021-01-06T13:42:28 PET" duration-ms="3093" status="PASS">
          <reporter-output>
          </reporter-output>
        </test-method> <!-- errorLogin -->
        <test-method is-config="true" signature="cerrar()[pri:0, instance:Pruebas.TestLogin@2dde1bff]" started-at="2021-01-06T13:42:28 PET" name="cerrar" finished-at="2021-01-06T13:42:32 PET" duration-ms="3475" status="PASS">
          <reporter-output>
          </reporter-output>
        </test-method> <!-- cerrar -->
      </class> <!-- Pruebas.TestLogin -->
    </test> <!-- Test -->
  </suite> <!-- Suite -->
</testng-results>
