<?xml version="1.0" encoding="UTF-8"?>
<testng-results skipped="0" failed="0" ignored="0" total="2" passed="2">
  <reporter-output>
  </reporter-output>
  <suite name="Suite" duration-ms="5030" started-at="2021-01-09T19:56:36 COT" finished-at="2021-01-09T19:56:41 COT">
    <groups>
    </groups>
    <test name="Test" duration-ms="5030" started-at="2021-01-09T19:56:36 COT" finished-at="2021-01-09T19:56:41 COT">
      <class name="Pruebas.TestLogin">
        <test-method status="PASS" signature="setUp()[pri:0, instance:Pruebas.TestLogin@1d8d30f7]" name="setUp" is-config="true" duration-ms="12750" started-at="2021-01-09T19:56:23 COT" finished-at="2021-01-09T19:56:36 COT">
          <reporter-output>
          </reporter-output>
        </test-method> <!-- setUp -->
        <test-method status="PASS" signature="correctLogin()[pri:0, instance:Pruebas.TestLogin@1d8d30f7]" name="correctLogin" duration-ms="3759" started-at="2021-01-09T19:56:36 COT" finished-at="2021-01-09T19:56:40 COT">
          <reporter-output>
          </reporter-output>
        </test-method> <!-- correctLogin -->
        <test-method status="PASS" signature="errorLogin()[pri:0, instance:Pruebas.TestLogin@1d8d30f7]" name="errorLogin" duration-ms="1126" started-at="2021-01-09T19:56:40 COT" finished-at="2021-01-09T19:56:41 COT">
          <reporter-output>
          </reporter-output>
        </test-method> <!-- errorLogin -->
        <test-method status="PASS" signature="cerrar()[pri:0, instance:Pruebas.TestLogin@1d8d30f7]" name="cerrar" is-config="true" duration-ms="91" started-at="2021-01-09T19:56:41 COT" finished-at="2021-01-09T19:56:41 COT">
          <reporter-output>
          </reporter-output>
        </test-method> <!-- cerrar -->
      </class> <!-- Pruebas.TestLogin -->
    </test> <!-- Test -->
  </suite> <!-- Suite -->
</testng-results>
